[INFO] Scanning for projects...
[INFO] 
[INFO] --------------------------< com.example:new >---------------------------
[INFO] Building  0.0.1-SNAPSHOT
[INFO]   from pom.xml
[INFO] --------------------------------[ jar ]---------------------------------
[INFO] 
[INFO] >>> spring-boot:4.0.5:run (default-cli) > test-compile @ new >>>
[INFO] 
[INFO] --- resources:3.3.1:resources (default-resources) @ new ---
[INFO] Copying 1 resource from src\main\resources to target\classes
[INFO] Copying 1 resource from src\main\resources to target\classes
[INFO] 
[INFO] --- compiler:3.14.1:compile (default-compile) @ new ---
[INFO] Nothing to compile - all classes are up to date.
[INFO] 
[INFO] --- resources:3.3.1:testResources (default-testResources) @ new ---
[INFO] Copying 1 resource from src\test\resources to target\test-classes
[INFO] 
[INFO] --- compiler:3.14.1:testCompile (default-testCompile) @ new ---
[INFO] Nothing to compile - all classes are up to date.
[INFO] 
[INFO] <<< spring-boot:4.0.5:run (default-cli) < test-compile @ new <<<
[INFO] 
[INFO] 
[INFO] --- spring-boot:4.0.5:run (default-cli) @ new ---
[INFO] Attaching agents: []

  .   ____          _            __ _ _
 /\\ / ___'_ __ _ _(_)_ __  __ _ \ \ \ \
( ( )\___ | '_ | '_| | '_ \/ _` | \ \ \ \
 \\/  ___)| |_)| | | | | || (_| |  ) ) ) )
  '  |____| .__|_| |_|_| |_\__, | / / / /
 =========|_|==============|___/=/_/_/_/

 :: Spring Boot ::                (v4.0.5)

2026-04-17T12:22:05.703+05:30  INFO 21764 --- [new] [           main] com.example.demo.NewApplication          : Starting NewApplication using Java 23.0.1 with PID 21764 (C:\Users\bobby\OneDrive\Desktop\new\new\target\classes started by bobby in C:\Users\bobby\OneDrive\Desktop\new\new)
2026-04-17T12:22:05.709+05:30  INFO 21764 --- [new] [           main] com.example.demo.NewApplication          : No active profile set, falling back to 1 default profile: "default"
2026-04-17T12:22:06.419+05:30  INFO 21764 --- [new] [           main] .s.d.r.c.RepositoryConfigurationDelegate : Bootstrapping Spring Data JPA repositories in DEFAULT mode.
2026-04-17T12:22:06.485+05:30  INFO 21764 --- [new] [           main] .s.d.r.c.RepositoryConfigurationDelegate : Finished Spring Data repository scanning in 49 ms. Found 2 JPA repository interfaces.
2026-04-17T12:22:06.979+05:30  INFO 21764 --- [new] [           main] o.s.boot.tomcat.TomcatWebServer          : Tomcat initialized with port 1234 (http)
2026-04-17T12:22:07.003+05:30  INFO 21764 --- [new] [           main] o.apache.catalina.core.StandardService   : Starting service [Tomcat]
2026-04-17T12:22:07.004+05:30  INFO 21764 --- [new] [           main] o.apache.catalina.core.StandardEngine    : Starting Servlet engine: [Apache Tomcat/11.0.20]
2026-04-17T12:22:07.057+05:30  INFO 21764 --- [new] [           main] b.w.c.s.WebApplicationContextInitializer : Root WebApplicationContext: initialization completed in 1289 ms
2026-04-17T12:22:07.231+05:30  INFO 21764 --- [new] [           main] org.hibernate.orm.jpa                    : HHH008540: Processing PersistenceUnitInfo [name: default]
2026-04-17T12:22:07.285+05:30  INFO 21764 --- [new] [           main] org.hibernate.orm.core                   : HHH000001: Hibernate ORM core version 7.2.7.Final
2026-04-17T12:22:07.817+05:30  INFO 21764 --- [new] [           main] o.s.o.j.p.SpringPersistenceUnitInfo      : No LoadTimeWeaver setup: ignoring JPA class transformer
2026-04-17T12:22:07.858+05:30  INFO 21764 --- [new] [           main] com.zaxxer.hikari.HikariDataSource       : HikariPool-1 - Starting...
2026-04-17T12:22:08.290+05:30  INFO 21764 --- [new] [           main] com.zaxxer.hikari.pool.HikariPool        : HikariPool-1 - Added connection com.mysql.cj.jdbc.ConnectionImpl@75ee6f89
2026-04-17T12:22:08.300+05:30  INFO 21764 --- [new] [           main] com.zaxxer.hikari.HikariDataSource       : HikariPool-1 - Start completed.
2026-04-17T12:22:08.398+05:30  INFO 21764 --- [new] [           main] org.hibernate.orm.connections.pooling    : HHH10001005: Database info:
	Database JDBC URL [jdbc:mysql://localhost:3306/aryan]
	Database driver: MySQL Connector/J
	Database dialect: MySQLDialect
	Database version: 8.0.45
	Default catalog/schema: aryan/undefined
	Autocommit mode: undefined/unknown
	Isolation level: REPEATABLE_READ [default REPEATABLE_READ]
	JDBC fetch size: none
	Pool: DataSourceConnectionProvider
	Minimum pool size: undefined/unknown
	Maximum pool size: undefined/unknown
2026-04-17T12:22:09.566+05:30  INFO 21764 --- [new] [           main] org.hibernate.orm.core                   : HHH000489: No JTA platform available (set 'hibernate.transaction.jta.platform' to enable JTA platform integration)
2026-04-17T12:22:09.777+05:30  INFO 21764 --- [new] [           main] j.LocalContainerEntityManagerFactoryBean : Initialized JPA EntityManagerFactory for persistence unit 'default'
2026-04-17T12:22:10.022+05:30  INFO 21764 --- [new] [           main] o.s.d.j.r.query.QueryEnhancerFactories   : Hibernate is in classpath; If applicable, HQL parser will be used.
2026-04-17T12:22:10.634+05:30  WARN 21764 --- [new] [           main] JpaBaseConfiguration$JpaWebConfiguration : spring.jpa.open-in-view is enabled by default. Therefore, database queries may be performed during view rendering. Explicitly configure spring.jpa.open-in-view to disable this warning
2026-04-17T12:22:10.677+05:30  INFO 21764 --- [new] [           main] o.s.b.w.a.WelcomePageHandlerMapping      : Adding welcome page: class path resource [static/index.html]
2026-04-17T12:22:11.260+05:30  INFO 21764 --- [new] [           main] o.s.boot.tomcat.TomcatWebServer          : Tomcat started on port 1234 (http) with context path '/'
2026-04-17T12:22:11.267+05:30  INFO 21764 --- [new] [           main] com.example.demo.NewApplication          : Started NewApplication in 6.056 seconds (process running for 6.528)
2026-04-17T12:22:12.127+05:30 DEBUG 21764 --- [new] [           main] org.hibernate.SQL                        : 
    select
        u1_0.id,
        u1_0.email,
        u1_0.name,
        u1_0.password_hash,
        u1_0.role 
    from
        users u1_0 
    where
        upper(u1_0.email)=upper(?)
Hibernate: 
    select
        u1_0.id,
        u1_0.email,
        u1_0.name,
        u1_0.password_hash,
        u1_0.role 
    from
        users u1_0 
    where
        upper(u1_0.email)=upper(?)
2026-04-17T12:22:12.225+05:30 DEBUG 21764 --- [new] [           main] org.hibernate.SQL                        : 
    select
        u1_0.id,
        u1_0.email,
        u1_0.name,
        u1_0.password_hash,
        u1_0.role 
    from
        users u1_0 
    where
        u1_0.id=?
Hibernate: 
    select
        u1_0.id,
        u1_0.email,
        u1_0.name,
        u1_0.password_hash,
        u1_0.role 
    from
        users u1_0 
    where
        u1_0.id=?
2026-04-17T12:22:12.266+05:30 DEBUG 21764 --- [new] [           main] org.hibernate.SQL                        : 
    select
        u1_0.id,
        u1_0.email,
        u1_0.name,
        u1_0.password_hash,
        u1_0.role 
    from
        users u1_0 
    where
        u1_0.role=?
Hibernate: 
    select
        u1_0.id,
        u1_0.email,
        u1_0.name,
        u1_0.password_hash,
        u1_0.role 
    from
        users u1_0 
    where
        u1_0.role=?
2026-04-17T12:22:12.273+05:30 DEBUG 21764 --- [new] [           main] org.hibernate.SQL                        : 
    select
        u1_0.id,
        u1_0.email,
        u1_0.name,
        u1_0.password_hash,
        u1_0.role 
    from
        users u1_0 
    where
        upper(u1_0.email)=upper(?)
Hibernate: 
    select
        u1_0.id,
        u1_0.email,
        u1_0.name,
        u1_0.password_hash,
        u1_0.role 
    from
        users u1_0 
    where
        upper(u1_0.email)=upper(?)
2026-04-17T12:22:14.246+05:30  INFO 21764 --- [new] [nio-1234-exec-1] o.a.c.c.C.[Tomcat].[localhost].[/]       : Initializing Spring DispatcherServlet 'dispatcherServlet'
2026-04-17T12:22:14.253+05:30  INFO 21764 --- [new] [nio-1234-exec-1] o.s.web.servlet.DispatcherServlet        : Initializing Servlet 'dispatcherServlet'
2026-04-17T12:22:14.255+05:30  INFO 21764 --- [new] [nio-1234-exec-1] o.s.web.servlet.DispatcherServlet        : Completed initialization in 1 ms
2026-04-17T12:22:30.103+05:30 DEBUG 21764 --- [new] [nio-1234-exec-3] org.hibernate.SQL                        : 
    select
        u1_0.id,
        u1_0.email,
        u1_0.name,
        u1_0.password_hash,
        u1_0.role 
    from
        users u1_0 
    where
        upper(u1_0.email)=upper(?)
Hibernate: 
    select
        u1_0.id,
        u1_0.email,
        u1_0.name,
        u1_0.password_hash,
        u1_0.role 
    from
        users u1_0 
    where
        upper(u1_0.email)=upper(?)
2026-04-17T12:22:30.352+05:30 DEBUG 21764 --- [new] [nio-1234-exec-7] org.hibernate.SQL                        : 
    select
        u1_0.id,
        u1_0.email,
        u1_0.name,
        u1_0.password_hash,
        u1_0.role 
    from
        users u1_0 
    where
        u1_0.id=?
Hibernate: 
    select
        u1_0.id,
        u1_0.email,
        u1_0.name,
        u1_0.password_hash,
        u1_0.role 
    from
        users u1_0 
    where
        u1_0.id=?
2026-04-17T12:22:30.370+05:30 DEBUG 21764 --- [new] [nio-1234-exec-7] org.hibernate.SQL                        : 
    select
        c1_0.id,
        c1_0.associate_id,
        c1_0.email,
        c1_0.name,
        c1_0.phone 
    from
        clients c1_0
Hibernate: 
    select
        c1_0.id,
        c1_0.associate_id,
        c1_0.email,
        c1_0.name,
        c1_0.phone 
    from
        clients c1_0
